The system is: Darwin - 15.3.0 - x86_64
Compiling the C compiler identification source file "CMakeCCompilerId.c" succeeded.
Compiler: /Applications/Xcode.app/Contents/Developer/Toolchains/XcodeDefault.xctoolchain/usr/bin/cc 
Build flags: 
Id flags: 

The output was:
0


Compilation of the C compiler identification source "CMakeCCompilerId.c" produced "a.out"

The C compiler identification is AppleClang, found in "/Users/mengyiluo/Documents/cs488-official/cs488/shared/glfw-3.1.1/build/CMakeFiles/3.7.0-rc1/CompilerIdC/a.out"

Determining if the C compiler works passed with the following output:
Change Dir: /Users/mengyiluo/Documents/cs488-official/cs488/shared/glfw-3.1.1/build/CMakeFiles/CMakeTmp

Run Build Command:"/usr/bin/make" "cmTC_d0ed4/fast"
/Applications/Xcode.app/Contents/Developer/usr/bin/make -f CMakeFiles/cmTC_d0ed4.dir/build.make CMakeFiles/cmTC_d0ed4.dir/build
Building C object CMakeFiles/cmTC_d0ed4.dir/testCCompiler.c.o
/Applications/Xcode.app/Contents/Developer/Toolchains/XcodeDefault.xctoolchain/usr/bin/cc     -o CMakeFiles/cmTC_d0ed4.dir/testCCompiler.c.o   -c /Users/mengyiluo/Documents/cs488-official/cs488/shared/glfw-3.1.1/build/CMakeFiles/CMakeTmp/testCCompiler.c
Linking C executable cmTC_d0ed4
/Applications/CMake.app/Contents/bin/cmake -E cmake_link_script CMakeFiles/cmTC_d0ed4.dir/link.txt --verbose=1
/Applications/Xcode.app/Contents/Developer/Toolchains/XcodeDefault.xctoolchain/usr/bin/cc    -Wl,-search_paths_first -Wl,-headerpad_max_install_names   CMakeFiles/cmTC_d0ed4.dir/testCCompiler.c.o  -o cmTC_d0ed4  


Detecting C compiler ABI info compiled with the following output:
Change Dir: /Users/mengyiluo/Documents/cs488-official/cs488/shared/glfw-3.1.1/build/CMakeFiles/CMakeTmp

Run Build Command:"/usr/bin/make" "cmTC_5bcd1/fast"
/Applications/Xcode.app/Contents/Developer/usr/bin/make -f CMakeFiles/cmTC_5bcd1.dir/build.make CMakeFiles/cmTC_5bcd1.dir/build
Building C object CMakeFiles/cmTC_5bcd1.dir/CMakeCCompilerABI.c.o
/Applications/Xcode.app/Contents/Developer/Toolchains/XcodeDefault.xctoolchain/usr/bin/cc     -o CMakeFiles/cmTC_5bcd1.dir/CMakeCCompilerABI.c.o   -c /Applications/CMake.app/Contents/share/cmake-3.7/Modules/CMakeCCompilerABI.c
Linking C executable cmTC_5bcd1
/Applications/CMake.app/Contents/bin/cmake -E cmake_link_script CMakeFiles/cmTC_5bcd1.dir/link.txt --verbose=1
/Applications/Xcode.app/Contents/Developer/Toolchains/XcodeDefault.xctoolchain/usr/bin/cc    -Wl,-search_paths_first -Wl,-headerpad_max_install_names  -v -Wl,-v CMakeFiles/cmTC_5bcd1.dir/CMakeCCompilerABI.c.o  -o cmTC_5bcd1   
Apple LLVM version 7.0.2 (clang-700.1.81)
Target: x86_64-apple-darwin15.3.0
Thread model: posix
 "/Applications/Xcode.app/Contents/Developer/Toolchains/XcodeDefault.xctoolchain/usr/bin/ld" -demangle -dynamic -arch x86_64 -macosx_version_min 10.11.0 -o cmTC_5bcd1 -search_paths_first -headerpad_max_install_names -v CMakeFiles/cmTC_5bcd1.dir/CMakeCCompilerABI.c.o -lSystem /Applications/Xcode.app/Contents/Developer/Toolchains/XcodeDefault.xctoolchain/usr/bin/../lib/clang/7.0.2/lib/darwin/libclang_rt.osx.a
@(#)PROGRAM:ld  PROJECT:ld64-253.9
configured to support archs: armv6 armv7 armv7s arm64 i386 x86_64 x86_64h armv6m armv7k armv7m armv7em (tvOS)
Library search paths:
	/usr/lib
	/usr/local/lib
Framework search paths:
	/Library/Frameworks/
	/System/Library/Frameworks/


Parsed C implicit link information from above output:
  link line regex: [^( *|.*[/\])(ld|([^/\]+-)?ld|collect2)[^/\]*( |$)]
  ignore line: [Change Dir: /Users/mengyiluo/Documents/cs488-official/cs488/shared/glfw-3.1.1/build/CMakeFiles/CMakeTmp]
  ignore line: []
  ignore line: [Run Build Command:"/usr/bin/make" "cmTC_5bcd1/fast"]
  ignore line: [/Applications/Xcode.app/Contents/Developer/usr/bin/make -f CMakeFiles/cmTC_5bcd1.dir/build.make CMakeFiles/cmTC_5bcd1.dir/build]
  ignore line: [Building C object CMakeFiles/cmTC_5bcd1.dir/CMakeCCompilerABI.c.o]
  ignore line: [/Applications/Xcode.app/Contents/Developer/Toolchains/XcodeDefault.xctoolchain/usr/bin/cc     -o CMakeFiles/cmTC_5bcd1.dir/CMakeCCompilerABI.c.o   -c /Applications/CMake.app/Contents/share/cmake-3.7/Modules/CMakeCCompilerABI.c]
  ignore line: [Linking C executable cmTC_5bcd1]
  ignore line: [/Applications/CMake.app/Contents/bin/cmake -E cmake_link_script CMakeFiles/cmTC_5bcd1.dir/link.txt --verbose=1]
  ignore line: [/Applications/Xcode.app/Contents/Developer/Toolchains/XcodeDefault.xctoolchain/usr/bin/cc    -Wl,-search_paths_first -Wl,-headerpad_max_install_names  -v -Wl,-v CMakeFiles/cmTC_5bcd1.dir/CMakeCCompilerABI.c.o  -o cmTC_5bcd1   ]
  ignore line: [Apple LLVM version 7.0.2 (clang-700.1.81)]
  ignore line: [Target: x86_64-apple-darwin15.3.0]
  ignore line: [Thread model: posix]
  link line: [ "/Applications/Xcode.app/Contents/Developer/Toolchains/XcodeDefault.xctoolchain/usr/bin/ld" -demangle -dynamic -arch x86_64 -macosx_version_min 10.11.0 -o cmTC_5bcd1 -search_paths_first -headerpad_max_install_names -v CMakeFiles/cmTC_5bcd1.dir/CMakeCCompilerABI.c.o -lSystem /Applications/Xcode.app/Contents/Developer/Toolchains/XcodeDefault.xctoolchain/usr/bin/../lib/clang/7.0.2/lib/darwin/libclang_rt.osx.a]
    arg [/Applications/Xcode.app/Contents/Developer/Toolchains/XcodeDefault.xctoolchain/usr/bin/ld] ==> ignore
    arg [-demangle] ==> ignore
    arg [-dynamic] ==> ignore
    arg [-arch] ==> ignore
    arg [x86_64] ==> ignore
    arg [-macosx_version_min] ==> ignore
    arg [10.11.0] ==> ignore
    arg [-o] ==> ignore
    arg [cmTC_5bcd1] ==> ignore
    arg [-search_paths_first] ==> ignore
    arg [-headerpad_max_install_names] ==> ignore
    arg [-v] ==> ignore
    arg [CMakeFiles/cmTC_5bcd1.dir/CMakeCCompilerABI.c.o] ==> ignore
    arg [-lSystem] ==> lib [System]
    arg [/Applications/Xcode.app/Contents/Developer/Toolchains/XcodeDefault.xctoolchain/usr/bin/../lib/clang/7.0.2/lib/darwin/libclang_rt.osx.a] ==> lib [/Applications/Xcode.app/Contents/Developer/Toolchains/XcodeDefault.xctoolchain/usr/bin/../lib/clang/7.0.2/lib/darwin/libclang_rt.osx.a]
  Library search paths: [;/usr/lib;/usr/local/lib]
  Framework search paths: [;/Library/Frameworks/;/System/Library/Frameworks/]
  remove lib [System]
  remove lib [/Applications/Xcode.app/Contents/Developer/Toolchains/XcodeDefault.xctoolchain/usr/bin/../lib/clang/7.0.2/lib/darwin/libclang_rt.osx.a]
  collapse library dir [/usr/lib] ==> [/usr/lib]
  collapse library dir [/usr/local/lib] ==> [/usr/local/lib]
  collapse framework dir [/Library/Frameworks/] ==> [/Library/Frameworks]
  collapse framework dir [/System/Library/Frameworks/] ==> [/System/Library/Frameworks]
  implicit libs: []
  implicit dirs: [/usr/lib;/usr/local/lib]
  implicit fwks: [/Library/Frameworks;/System/Library/Frameworks]




Detecting C [-std=c11] compiler features compiled with the following output:
Change Dir: /Users/mengyiluo/Documents/cs488-official/cs488/shared/glfw-3.1.1/build/CMakeFiles/CMakeTmp

Run Build Command:"/usr/bin/make" "cmTC_80cdb/fast"
/Applications/Xcode.app/Contents/Developer/usr/bin/make -f CMakeFiles/cmTC_80cdb.dir/build.make CMakeFiles/cmTC_80cdb.dir/build
Building C object CMakeFiles/cmTC_80cdb.dir/feature_tests.c.o
/Applications/Xcode.app/Contents/Developer/Toolchains/XcodeDefault.xctoolchain/usr/bin/cc    -std=c11 -o CMakeFiles/cmTC_80cdb.dir/feature_tests.c.o   -c /Users/mengyiluo/Documents/cs488-official/cs488/shared/glfw-3.1.1/build/CMakeFiles/feature_tests.c
Linking C executable cmTC_80cdb
/Applications/CMake.app/Contents/bin/cmake -E cmake_link_script CMakeFiles/cmTC_80cdb.dir/link.txt --verbose=1
/Applications/Xcode.app/Contents/Developer/Toolchains/XcodeDefault.xctoolchain/usr/bin/cc    -Wl,-search_paths_first -Wl,-headerpad_max_install_names   CMakeFiles/cmTC_80cdb.dir/feature_tests.c.o  -o cmTC_80cdb  


    Feature record: C_FEATURE:1c_function_prototypes
    Feature record: C_FEATURE:1c_restrict
    Feature record: C_FEATURE:1c_static_assert
    Feature record: C_FEATURE:1c_variadic_macros


Detecting C [-std=c99] compiler features compiled with the following output:
Change Dir: /Users/mengyiluo/Documents/cs488-official/cs488/shared/glfw-3.1.1/build/CMakeFiles/CMakeTmp

Run Build Command:"/usr/bin/make" "cmTC_bb995/fast"
/Applications/Xcode.app/Contents/Developer/usr/bin/make -f CMakeFiles/cmTC_bb995.dir/build.make CMakeFiles/cmTC_bb995.dir/build
Building C object CMakeFiles/cmTC_bb995.dir/feature_tests.c.o
/Applications/Xcode.app/Contents/Developer/Toolchains/XcodeDefault.xctoolchain/usr/bin/cc    -std=c99 -o CMakeFiles/cmTC_bb995.dir/feature_tests.c.o   -c /Users/mengyiluo/Documents/cs488-official/cs488/shared/glfw-3.1.1/build/CMakeFiles/feature_tests.c
Linking C executable cmTC_bb995
/Applications/CMake.app/Contents/bin/cmake -E cmake_link_script CMakeFiles/cmTC_bb995.dir/link.txt --verbose=1
/Applications/Xcode.app/Contents/Developer/Toolchains/XcodeDefault.xctoolchain/usr/bin/cc    -Wl,-search_paths_first -Wl,-headerpad_max_install_names   CMakeFiles/cmTC_bb995.dir/feature_tests.c.o  -o cmTC_bb995  


    Feature record: C_FEATURE:1c_function_prototypes
    Feature record: C_FEATURE:1c_restrict
    Feature record: C_FEATURE:0c_static_assert
    Feature record: C_FEATURE:1c_variadic_macros


Detecting C [-std=c90] compiler features compiled with the following output:
Change Dir: /Users/mengyiluo/Documents/cs488-official/cs488/shared/glfw-3.1.1/build/CMakeFiles/CMakeTmp

Run Build Command:"/usr/bin/make" "cmTC_a3c3a/fast"
/Applications/Xcode.app/Contents/Developer/usr/bin/make -f CMakeFiles/cmTC_a3c3a.dir/build.make CMakeFiles/cmTC_a3c3a.dir/build
Building C object CMakeFiles/cmTC_a3c3a.dir/feature_tests.c.o
/Applications/Xcode.app/Contents/Developer/Toolchains/XcodeDefault.xctoolchain/usr/bin/cc    -std=c90 -o CMakeFiles/cmTC_a3c3a.dir/feature_tests.c.o   -c /Users/mengyiluo/Documents/cs488-official/cs488/shared/glfw-3.1.1/build/CMakeFiles/feature_tests.c
Linking C executable cmTC_a3c3a
/Applications/CMake.app/Contents/bin/cmake -E cmake_link_script CMakeFiles/cmTC_a3c3a.dir/link.txt --verbose=1
/Applications/Xcode.app/Contents/Developer/Toolchains/XcodeDefault.xctoolchain/usr/bin/cc    -Wl,-search_paths_first -Wl,-headerpad_max_install_names   CMakeFiles/cmTC_a3c3a.dir/feature_tests.c.o  -o cmTC_a3c3a  


    Feature record: C_FEATURE:1c_function_prototypes
    Feature record: C_FEATURE:0c_restrict
    Feature record: C_FEATURE:0c_static_assert
    Feature record: C_FEATURE:0c_variadic_macros
Determining if the include file pthread.h exists passed with the following output:
Change Dir: /Users/mengyiluo/Documents/cs488-official/cs488/shared/glfw-3.1.1/build/CMakeFiles/CMakeTmp

Run Build Command:"/usr/bin/make" "cmTC_eaa1d/fast"
/Applications/Xcode.app/Contents/Developer/usr/bin/make -f CMakeFiles/cmTC_eaa1d.dir/build.make CMakeFiles/cmTC_eaa1d.dir/build
Building C object CMakeFiles/cmTC_eaa1d.dir/CheckIncludeFile.c.o
/Applications/Xcode.app/Contents/Developer/Toolchains/XcodeDefault.xctoolchain/usr/bin/cc     -o CMakeFiles/cmTC_eaa1d.dir/CheckIncludeFile.c.o   -c /Users/mengyiluo/Documents/cs488-official/cs488/shared/glfw-3.1.1/build/CMakeFiles/CMakeTmp/CheckIncludeFile.c
Linking C executable cmTC_eaa1d
/Applications/CMake.app/Contents/bin/cmake -E cmake_link_script CMakeFiles/cmTC_eaa1d.dir/link.txt --verbose=1
/Applications/Xcode.app/Contents/Developer/Toolchains/XcodeDefault.xctoolchain/usr/bin/cc    -Wl,-search_paths_first -Wl,-headerpad_max_install_names   CMakeFiles/cmTC_eaa1d.dir/CheckIncludeFile.c.o  -o cmTC_eaa1d  


Determining if the pthread_create exist passed with the following output:
Change Dir: /Users/mengyiluo/Documents/cs488-official/cs488/shared/glfw-3.1.1/build/CMakeFiles/CMakeTmp

Run Build Command:"/usr/bin/make" "cmTC_544cc/fast"
/Applications/Xcode.app/Contents/Developer/usr/bin/make -f CMakeFiles/cmTC_544cc.dir/build.make CMakeFiles/cmTC_544cc.dir/build
Building C object CMakeFiles/cmTC_544cc.dir/CheckSymbolExists.c.o
/Applications/Xcode.app/Contents/Developer/Toolchains/XcodeDefault.xctoolchain/usr/bin/cc     -o CMakeFiles/cmTC_544cc.dir/CheckSymbolExists.c.o   -c /Users/mengyiluo/Documents/cs488-official/cs488/shared/glfw-3.1.1/build/CMakeFiles/CMakeTmp/CheckSymbolExists.c
Linking C executable cmTC_544cc
/Applications/CMake.app/Contents/bin/cmake -E cmake_link_script CMakeFiles/cmTC_544cc.dir/link.txt --verbose=1
/Applications/Xcode.app/Contents/Developer/Toolchains/XcodeDefault.xctoolchain/usr/bin/cc    -Wl,-search_paths_first -Wl,-headerpad_max_install_names   CMakeFiles/cmTC_544cc.dir/CheckSymbolExists.c.o  -o cmTC_544cc  

File /Users/mengyiluo/Documents/cs488-official/cs488/shared/glfw-3.1.1/build/CMakeFiles/CMakeTmp/CheckSymbolExists.c:
/* */
#include <pthread.h>

int main(int argc, char** argv)
{
  (void)argv;
#ifndef pthread_create
  return ((int*)(&pthread_create))[argc];
#else
  (void)argc;
  return 0;
#endif
}

